<?xml version="1.0" encoding="UTF-8"?>
<!-- Generated by org.testng.reporters.JUnitReportReporter -->
<testsuite skipped="5" hostname="LAPTOP-7E8MEQAQ" name="autotest.TestNGExm" tests="6" failures="0" timestamp="2022-04-20T09:45:37 IST" time="0.130" errors="1">
  <testcase name="testSumOfTwoValues" time="0.000" classname="autotest.TestNGExm">
    <skipped/>
  </testcase> <!-- testSumOfTwoValues -->
  <system-out/>
  <testcase name="setUp" time="0.127" classname="autotest.TestNGExm">
    <error type="java.lang.RuntimeException" message="java.net.URISyntaxException: Illegal character in authority at index 8: https://&lt;lambdatest_username&gt;:&lt;lambdatest_accesskey&gt;@hub.lambdatest.com/wd/hub">
      <![CDATA[java.lang.RuntimeException: java.net.URISyntaxException: Illegal character in authority at index 8: https://<lambdatest_username>:<lambdatest_accesskey>@hub.lambdatest.com/wd/hub
at org.openqa.selenium.remote.http.ClientConfig.baseUrl(ClientConfig.java:80)
at org.openqa.selenium.remote.RemoteWebDriver.createTracedExecutorWithTracedHttpClient(RemoteWebDriver.java:175)
at org.openqa.selenium.remote.RemoteWebDriver.<init>(RemoteWebDriver.java:138)
at autotest.TestNGExm.setUp(TestNGExm.java:39)
at sun.reflect.NativeMethodAccessorImpl.invoke0(Native Method)
at sun.reflect.NativeMethodAccessorImpl.invoke(Unknown Source)
at sun.reflect.DelegatingMethodAccessorImpl.invoke(Unknown Source)
at java.lang.reflect.Method.invoke(Unknown Source)
at org.testng.internal.MethodInvocationHelper.invokeMethod(MethodInvocationHelper.java:133)
at org.testng.internal.MethodInvocationHelper.invokeMethodConsideringTimeout(MethodInvocationHelper.java:62)
at org.testng.internal.ConfigInvoker.invokeConfigurationMethod(ConfigInvoker.java:385)
at org.testng.internal.ConfigInvoker.invokeConfigurations(ConfigInvoker.java:321)
at org.testng.SuiteRunner.privateRun(SuiteRunner.java:317)
at org.testng.SuiteRunner.run(SuiteRunner.java:276)
at org.testng.SuiteRunnerWorker.runSuite(SuiteRunnerWorker.java:53)
at org.testng.SuiteRunnerWorker.run(SuiteRunnerWorker.java:96)
at org.testng.TestNG.runSuitesSequentially(TestNG.java:1212)
at org.testng.TestNG.runSuitesLocally(TestNG.java:1134)
at org.testng.TestNG.runSuites(TestNG.java:1063)
at org.testng.TestNG.run(TestNG.java:1031)
at org.testng.remote.AbstractRemoteTestNG.run(AbstractRemoteTestNG.java:115)
at org.testng.remote.RemoteTestNG.initAndRun(RemoteTestNG.java:251)
at org.testng.remote.RemoteTestNG.main(RemoteTestNG.java:77)
Caused by: java.net.URISyntaxException: Illegal character in authority at index 8: https://<lambdatest_username>:<lambdatest_accesskey>@hub.lambdatest.com/wd/hub
at java.net.URI$Parser.fail(Unknown Source)
at java.net.URI$Parser.parseAuthority(Unknown Source)
at java.net.URI$Parser.parseHierarchical(Unknown Source)
at java.net.URI$Parser.parse(Unknown Source)
at java.net.URI.<init>(Unknown Source)
at java.net.URL.toURI(Unknown Source)
at org.openqa.selenium.remote.http.ClientConfig.baseUrl(ClientConfig.java:78)
... 22 more
]]>
    </error>
  </testcase> <!-- setUp -->
  <system-out/>
  <testcase name="testSumOfTwoValues" time="0.003" classname="autotest.TestNGExm">
    <skipped/>
  </testcase> <!-- testSumOfTwoValues -->
  <system-out/>
  <testcase name="testPriotity" time="0.000" classname="autotest.TestNGExm">
    <skipped/>
  </testcase> <!-- testPriotity -->
  <system-out/>
  <testcase name="testInvocationCount" time="0.000" classname="autotest.TestNGExm">
    <skipped/>
  </testcase> <!-- testInvocationCount -->
  <system-out/>
  <testcase name="testInvocationCount" time="0.000" classname="autotest.TestNGExm">
    <skipped/>
  </testcase> <!-- testInvocationCount -->
  <system-out/>
</testsuite> <!-- autotest.TestNGExm -->
